[2016-04-11 10:06:26] test_OnlinePromotion.py [Test Case:test_OnlinePromotion] [line:29]INFO:~~~线上促销模块测试~~~
[2016-04-11 10:06:26] test_OnlinePromotion.py [Test Case:<module>] [line:1202]INFO:test_OnlinePromotion start--
[2016-04-11 10:06:34] test_OnlinePromotion.py [Test Case:to_OnlinePromotion] [line:54]INFO:等待页面刷新···
[2016-04-11 10:06:35] test_OnlinePromotion.py [Test Case:to_OnlinePromotion] [line:56]INFO:刷新完成！！！
[2016-04-11 10:07:09] test_OnlinePromotion.py [Test Case:test_8modify_AddSuitObject] [line:570]INFO:保存成功！
[2016-04-11 10:07:10] test_OnlinePromotion.py [Test Case:tearDown] [line:1192]INFO:该条用例执行执行完毕！！！
[2016-04-11 10:07:18] test_OnlinePromotion.py [Test Case:to_OnlinePromotion] [line:54]INFO:等待页面刷新···
[2016-04-11 10:07:19] test_OnlinePromotion.py [Test Case:to_OnlinePromotion] [line:56]INFO:刷新完成！！！
[2016-04-11 10:07:48] test_OnlinePromotion.py [Test Case:tearDown] [line:1192]INFO:该条用例执行执行完毕！！！
[2016-04-11 10:07:55] test_OnlinePromotion.py [Test Case:to_OnlinePromotion] [line:54]INFO:等待页面刷新···
[2016-04-11 10:07:57] test_OnlinePromotion.py [Test Case:to_OnlinePromotion] [line:56]INFO:刷新完成！！！
[2016-04-11 10:08:13] test_OnlinePromotion.py [Test Case:Delete_And_Add_Assert] [line:80]INFO:保存成功！
[2016-04-11 10:08:14] test_OnlinePromotion.py [Test Case:tearDown] [line:1192]INFO:该条用例执行执行完毕！！！
[2016-04-11 10:08:22] test_OnlinePromotion.py [Test Case:to_OnlinePromotion] [line:54]INFO:等待页面刷新···
[2016-04-11 10:08:23] test_OnlinePromotion.py [Test Case:to_OnlinePromotion] [line:56]INFO:刷新完成！！！
[2016-04-11 10:08:40] test_OnlinePromotion.py [Test Case:Delete_And_Add_Assert] [line:72]INFO:删除成功
[2016-04-11 10:08:40] test_OnlinePromotion.py [Test Case:tearDown] [line:1192]INFO:该条用例执行执行完毕！！！
[2016-04-11 10:08:48] test_OnlinePromotion.py [Test Case:to_OnlinePromotion] [line:54]INFO:等待页面刷新···
[2016-04-11 10:08:49] test_OnlinePromotion.py [Test Case:to_OnlinePromotion] [line:56]INFO:刷新完成！！！
[2016-04-11 10:09:08] test_OnlinePromotion.py [Test Case:Delete_And_Add_Assert] [line:80]INFO:该记录已经存在！
[2016-04-11 10:09:08] test_OnlinePromotion.py [Test Case:tearDown] [line:1192]INFO:该条用例执行执行完毕！！！
[2016-04-11 10:09:15] test_OnlinePromotion.py [Test Case:to_OnlinePromotion] [line:54]INFO:等待页面刷新···
[2016-04-11 10:09:17] test_OnlinePromotion.py [Test Case:to_OnlinePromotion] [line:56]INFO:刷新完成！！！
[2016-04-11 10:10:05] test_OnlinePromotion.py [Test Case:tearDown] [line:1192]INFO:该条用例执行执行完毕！！！
[2016-04-11 10:10:12] test_OnlinePromotion.py [Test Case:to_OnlinePromotion] [line:54]INFO:等待页面刷新···
[2016-04-11 10:10:13] test_OnlinePromotion.py [Test Case:to_OnlinePromotion] [line:56]INFO:刷新完成！！！
[2016-04-11 10:10:31] test_OnlinePromotion.py [Test Case:Delete_And_Add_Assert] [line:80]INFO:该记录已经存在！
[2016-04-11 10:10:31] test_OnlinePromotion.py [Test Case:tearDown] [line:1192]INFO:该条用例执行执行完毕！！！
[2016-04-11 10:10:39] test_OnlinePromotion.py [Test Case:to_OnlinePromotion] [line:54]INFO:等待页面刷新···
[2016-04-11 10:10:40] test_OnlinePromotion.py [Test Case:to_OnlinePromotion] [line:56]INFO:刷新完成！！！
[2016-04-11 10:11:25] test_OnlinePromotion.py [Test Case:tearDown] [line:1192]INFO:该条用例执行执行完毕！！！
[2016-04-11 10:11:33] test_OnlinePromotion.py [Test Case:to_OnlinePromotion] [line:54]INFO:等待页面刷新···
[2016-04-11 10:11:34] test_OnlinePromotion.py [Test Case:to_OnlinePromotion] [line:56]INFO:刷新完成！！！
[2016-04-11 10:11:53] test_OnlinePromotion.py [Test Case:Delete_And_Add_Assert] [line:80]INFO:请将当前编辑行数据填写完整之后再添加
[2016-04-11 10:11:53] test_OnlinePromotion.py [Test Case:tearDown] [line:1192]INFO:该条用例执行执行完毕！！！
[2016-04-11 10:12:01] test_OnlinePromotion.py [Test Case:to_OnlinePromotion] [line:54]INFO:等待页面刷新···
[2016-04-11 10:12:02] test_OnlinePromotion.py [Test Case:to_OnlinePromotion] [line:56]INFO:刷新完成！！！
[2016-04-11 10:12:46] test_OnlinePromotion.py [Test Case:tearDown] [line:1192]INFO:该条用例执行执行完毕！！！
[2016-04-11 10:12:54] test_OnlinePromotion.py [Test Case:to_OnlinePromotion] [line:54]INFO:等待页面刷新···
[2016-04-11 10:12:56] test_OnlinePromotion.py [Test Case:to_OnlinePromotion] [line:56]INFO:刷新完成！！！
