[2016-03-29 11:39:51] test_CustomizedOrders.py [Test Case:Test_CustomizedOrders] [line:19]INFO:~~~订制订单模块测试~~~
[2016-03-29 11:39:54] test_CustomizedOrders.py [Test Case:test_0CommoditySeason_check] [line:147]INFO:开始执行用例...
[2016-03-29 11:39:59] test_CustomizedOrders.py [Test Case:to_CommodityOrder] [line:47]INFO:等待页面刷新···
[2016-03-29 11:40:02] test_CustomizedOrders.py [Test Case:to_CommodityOrder] [line:49]INFO:刷新完成！！！
[2016-03-29 11:40:08] test_CustomizedOrders.py [Test Case:tearDown] [line:454]INFO:该条用例执行完毕！！！
[2016-03-29 11:40:11] test_CustomizedOrders.py [Test Case:test_1search_by_OrderDate] [line:170]INFO:开始执行用例...
[2016-03-29 11:40:15] test_CustomizedOrders.py [Test Case:to_CommodityOrder] [line:47]INFO:等待页面刷新···
[2016-03-29 11:40:20] test_CustomizedOrders.py [Test Case:to_CommodityOrder] [line:49]INFO:刷新完成！！！
[2016-03-29 11:40:29] test_CustomizedOrders.py [Test Case:tearDown] [line:454]INFO:该条用例执行完毕！！！
[2016-03-29 11:40:31] test_CustomizedOrders.py [Test Case:test_2search_by_TheOrderNumber] [line:227]INFO:开始执行用例...
[2016-03-29 11:40:36] test_CustomizedOrders.py [Test Case:to_CommodityOrder] [line:47]INFO:等待页面刷新···
[2016-03-29 11:40:40] test_CustomizedOrders.py [Test Case:to_CommodityOrder] [line:49]INFO:刷新完成！！！
[2016-03-29 11:40:48] test_CustomizedOrders.py [Test Case:tearDown] [line:454]INFO:该条用例执行完毕！！！
[2016-03-29 11:41:15] test_CustomizedOrders.py [Test Case:test_4search_by_TheOrderStatus] [line:286]INFO:开始执行用例...
[2016-03-29 11:41:19] test_CustomizedOrders.py [Test Case:to_CommodityOrder] [line:47]INFO:等待页面刷新···
[2016-03-29 11:41:23] test_CustomizedOrders.py [Test Case:to_CommodityOrder] [line:49]INFO:刷新完成！！！
[2016-03-29 11:41:32] test_CustomizedOrders.py [Test Case:tearDown] [line:454]INFO:该条用例执行完毕！！！
[2016-03-29 11:41:35] test_CustomizedOrders.py [Test Case:test_5search_by_PaymentStatus] [line:321]INFO:开始执行用例...
[2016-03-29 11:41:40] test_CustomizedOrders.py [Test Case:to_CommodityOrder] [line:47]INFO:等待页面刷新···
[2016-03-29 11:41:44] test_CustomizedOrders.py [Test Case:to_CommodityOrder] [line:49]INFO:刷新完成！！！
[2016-03-29 11:42:06] test_CustomizedOrders.py [Test Case:tearDown] [line:454]INFO:该条用例执行完毕！！！
[2016-03-29 11:42:09] test_CustomizedOrders.py [Test Case:test_6search_by_TheConsignee] [line:364]INFO:开始执行用例...
[2016-03-29 11:42:14] test_CustomizedOrders.py [Test Case:to_CommodityOrder] [line:47]INFO:等待页面刷新···
[2016-03-29 11:42:17] test_CustomizedOrders.py [Test Case:to_CommodityOrder] [line:49]INFO:刷新完成！！！
[2016-03-29 11:42:27] test_CustomizedOrders.py [Test Case:tearDown] [line:454]INFO:该条用例执行完毕！！！
[2016-03-29 11:42:30] test_CustomizedOrders.py [Test Case:test_7search_by_ConsigneePhone] [line:394]INFO:开始执行用例...
[2016-03-29 11:42:34] test_CustomizedOrders.py [Test Case:to_CommodityOrder] [line:47]INFO:等待页面刷新···
[2016-03-29 11:42:38] test_CustomizedOrders.py [Test Case:to_CommodityOrder] [line:49]INFO:刷新完成！！！
[2016-03-29 11:42:47] test_CustomizedOrders.py [Test Case:tearDown] [line:454]INFO:该条用例执行完毕！！！
[2016-03-29 11:42:50] test_CustomizedOrders.py [Test Case:test_8search_by_Store] [line:426]INFO:开始执行用例...
[2016-03-29 11:42:55] test_CustomizedOrders.py [Test Case:to_CommodityOrder] [line:47]INFO:等待页面刷新···
[2016-03-29 11:42:59] test_CustomizedOrders.py [Test Case:to_CommodityOrder] [line:49]INFO:刷新完成！！！
[2016-03-29 11:43:03] test_CustomizedOrders.py [Test Case:tearDown] [line:454]INFO:该条用例执行完毕！！！
