[2016-03-29 11:29:57] test_CustomizedOrders.py [Test Case:Test_CustomizedOrders] [line:19]INFO:~~~订制订单模块测试~~~
[2016-03-29 11:29:59] test_CustomizedOrders.py [Test Case:test_0CommoditySeason_check] [line:147]INFO:开始执行用例...
[2016-03-29 11:30:04] test_CustomizedOrders.py [Test Case:to_CommodityOrder] [line:47]INFO:等待页面刷新···
[2016-03-29 11:30:08] test_CustomizedOrders.py [Test Case:to_CommodityOrder] [line:49]INFO:刷新完成！！！
[2016-03-29 11:30:14] test_CustomizedOrders.py [Test Case:tearDown] [line:454]INFO:该条用例执行完毕！！！
[2016-03-29 11:30:17] test_CustomizedOrders.py [Test Case:test_1search_by_OrderDate] [line:170]INFO:开始执行用例...
[2016-03-29 11:30:21] test_CustomizedOrders.py [Test Case:to_CommodityOrder] [line:47]INFO:等待页面刷新···
[2016-03-29 11:30:47] test_CustomizedOrders.py [Test Case:tearDown] [line:454]INFO:该条用例执行完毕！！！
[2016-03-29 11:30:49] test_CustomizedOrders.py [Test Case:test_2search_by_TheOrderNumber] [line:227]INFO:开始执行用例...
[2016-03-29 11:30:54] test_CustomizedOrders.py [Test Case:to_CommodityOrder] [line:47]INFO:等待页面刷新···
[2016-03-29 11:30:58] test_CustomizedOrders.py [Test Case:to_CommodityOrder] [line:49]INFO:刷新完成！！！
[2016-03-29 11:31:07] test_CustomizedOrders.py [Test Case:tearDown] [line:454]INFO:该条用例执行完毕！！！
[2016-03-29 11:31:15] test_CustomizedOrders.py [Test Case:to_CommodityOrder] [line:47]INFO:等待页面刷新···
[2016-03-29 11:31:18] test_CustomizedOrders.py [Test Case:to_CommodityOrder] [line:49]INFO:刷新完成！！！
[2016-03-29 11:31:41] test_CustomizedOrders.py [Test Case:tearDown] [line:454]INFO:该条用例执行完毕！！！
[2016-03-29 11:31:44] test_CustomizedOrders.py [Test Case:test_4search_by_TheOrderStatus] [line:286]INFO:开始执行用例...
[2016-03-29 11:31:48] test_CustomizedOrders.py [Test Case:to_CommodityOrder] [line:47]INFO:等待页面刷新···
[2016-03-29 11:31:52] test_CustomizedOrders.py [Test Case:to_CommodityOrder] [line:49]INFO:刷新完成！！！
[2016-03-29 11:32:19] test_CustomizedOrders.py [Test Case:tearDown] [line:454]INFO:该条用例执行完毕！！！
[2016-03-29 11:32:22] test_CustomizedOrders.py [Test Case:test_5search_by_PaymentStatus] [line:321]INFO:开始执行用例...
[2016-03-29 11:32:26] test_CustomizedOrders.py [Test Case:to_CommodityOrder] [line:47]INFO:等待页面刷新···
[2016-03-29 11:32:30] test_CustomizedOrders.py [Test Case:to_CommodityOrder] [line:49]INFO:刷新完成！！！
[2016-03-29 11:32:41] test_CustomizedOrders.py [Test Case:tearDown] [line:454]INFO:该条用例执行完毕！！！
[2016-03-29 11:32:44] test_CustomizedOrders.py [Test Case:test_6search_by_TheConsignee] [line:364]INFO:开始执行用例...
[2016-03-29 11:32:49] test_CustomizedOrders.py [Test Case:to_CommodityOrder] [line:47]INFO:等待页面刷新···
[2016-03-29 11:32:53] test_CustomizedOrders.py [Test Case:to_CommodityOrder] [line:49]INFO:刷新完成！！！
[2016-03-29 11:33:02] test_CustomizedOrders.py [Test Case:tearDown] [line:454]INFO:该条用例执行完毕！！！
[2016-03-29 11:33:05] test_CustomizedOrders.py [Test Case:test_7search_by_ConsigneePhone] [line:394]INFO:开始执行用例...
[2016-03-29 11:33:09] test_CustomizedOrders.py [Test Case:to_CommodityOrder] [line:47]INFO:等待页面刷新···
[2016-03-29 11:33:13] test_CustomizedOrders.py [Test Case:to_CommodityOrder] [line:49]INFO:刷新完成！！！
[2016-03-29 11:33:18] test_CustomizedOrders.py [Test Case:tearDown] [line:454]INFO:该条用例执行完毕！！！
[2016-03-29 11:33:21] test_CustomizedOrders.py [Test Case:test_8search_by_Store] [line:426]INFO:开始执行用例...
[2016-03-29 11:33:29] test_CustomizedOrders.py [Test Case:to_CommodityOrder] [line:47]INFO:等待页面刷新···
[2016-03-29 11:33:32] test_CustomizedOrders.py [Test Case:to_CommodityOrder] [line:49]INFO:刷新完成！！！
[2016-03-29 11:33:42] test_CustomizedOrders.py [Test Case:tearDown] [line:454]INFO:该条用例执行完毕！！！
